<?xml version="1.0" encoding="UTF-8"?>
<!-- Generated by org.testng.reporters.JUnitReportReporter -->
<testsuite skipped="0" hostname="Admin" name="org.C_zentrix.org.C_zentrix.Test_czentrix" tests="1" failures="0" timestamp="19 Aug 2019 09:03:09 GMT" time="5.825" errors="0">
  <testcase name="Break" time="5.825" classname="org.C_zentrix.org.C_zentrix.Test_czentrix"/>
</testsuite> <!-- org.C_zentrix.org.C_zentrix.Test_czentrix -->
