<?xml version="1.0" encoding="UTF-8"?>
<!-- Generated by org.testng.reporters.JUnitReportReporter -->
<testsuite skipped="0" hostname="Admin" name="org.C_zentrix.org.C_zentrix.service" tests="1" failures="0" timestamp="05 Jul 2019 10:03:40 GMT" time="2.941" errors="0">
  <testcase name="CS" time="2.941" classname="org.C_zentrix.org.C_zentrix.service"/>
</testsuite> <!-- org.C_zentrix.org.C_zentrix.service -->
