<?xml version="1.0" encoding="UTF-8"?>
<!-- Generated by org.testng.reporters.JUnitReportReporter -->
<testsuite hostname="Admin" failures="0" tests="1" name="org.C_zentrix.org.C_zentrix.Testcases" time="6.546" errors="0" timestamp="19 Jun 2019 10:02:02 GMT" skipped="0">
  <testcase classname="org.C_zentrix.org.C_zentrix.Testcases" name="test" time="6.546"/>
</testsuite> <!-- org.C_zentrix.org.C_zentrix.Testcases -->
