<?xml version="1.0" encoding="UTF-8"?>
<!-- Generated by org.testng.reporters.JUnitReportReporter -->
<testsuite skipped="0" hostname="Admin" name="org.C_zentrix.org.C_zentrix.Bar" tests="1" failures="0" timestamp="05 Aug 2019 06:28:00 GMT" time="7.108" errors="0">
  <testcase name="call_test" time="7.108" classname="org.C_zentrix.org.C_zentrix.Bar"/>
</testsuite> <!-- org.C_zentrix.org.C_zentrix.Bar -->
