<?xml version="1.0" encoding="UTF-8"?>
<!-- Generated by org.testng.reporters.JUnitReportReporter -->
<testsuite skipped="0" hostname="Admin" name="org.C_zentrix.org.C_zentrix.Database" tests="1" failures="0" timestamp="09 Jul 2019 07:01:27 GMT" time="0.041" errors="0">
  <testcase name="d1" time="0.041" classname="org.C_zentrix.org.C_zentrix.Database"/>
</testsuite> <!-- org.C_zentrix.org.C_zentrix.Database -->
